<?xml version="1.0" encoding="UTF-8"?>
<testsuite name="rozetkaTest.ProductTest" tests="2" skipped="0" failures="0" errors="0" timestamp="2021-09-20T11:12:59" hostname="DESKTOP-JQDC5MV" time="75.228">
  <properties/>
  <testcase name="searchProduct[0](rozetka.model.Product@2e7990d1)" classname="rozetkaTest.ProductTest" time="33.694"/>
  <testcase name="searchProduct[1](rozetka.model.Product@3d6fd52d)" classname="rozetkaTest.ProductTest" time="31.327"/>
  <system-out><![CDATA[
Node Name :product

Node Name :product
?[32mINFO ?[m ?[32mmethod inputTextInSearchBox.?[m SearchPanel 
?[32mINFO ?[m ?[32mmethod safeInput click.?[m InputText 
?[32mINFO ?[m ?[32mmethod clickOnSearchButton.?[m SearchPanel 
?[32mINFO ?[m ?[32mmethod safeClick click.?[m Button 
?[32mINFO ?[m ?[32mmethod isDisplayed.?[m InputText 
?[32mINFO ?[m ?[32mmethod inputTextInTypeSearchBox.?[m ProductTypePage 
?[32mINFO ?[m ?[32mmethod safeInput click.?[m InputText 
?[32mINFO ?[m ?[32mmethod clickOnFirstBox.?[m ProductTypePage 
?[32mINFO ?[m ?[32mmethod setCheckBox click.?[m CheckBox 
?[32mINFO ?[m ?[32mmethod clickOnExpensiveFirst.?[m ProductTypePage 
?[32mINFO ?[m ?[32mmethod safeClick click.?[m Button 
?[32mINFO ?[m ?[32mmethod clickOnFirstProduct.?[m ProductTypePage 
?[32mINFO ?[m ?[32mmethod safeClick click.?[m Button 
?[32mINFO ?[m ?[32mmethod clickOnBuyButton.?[m ProductPage 
?[32mINFO ?[m ?[32mmethod safeClick click.?[m Button 
?[32mINFO ?[m ?[32mmethod clickOnCheckoutBtn.?[m CheckoutWindowPage 
?[32mINFO ?[m ?[32mmethod safeClick click.?[m Button 
?[32mINFO ?[m ?[32mmethod getTotalPrice.?[m CheckoutPage 
?[32mINFO ?[m ?[32mmethod getText click.?[m TextArea 
?[32mINFO ?[m ?[32mmethod inputTextInSearchBox.?[m SearchPanel 
?[32mINFO ?[m ?[32mmethod safeInput click.?[m InputText 
?[32mINFO ?[m ?[32mmethod clickOnSearchButton.?[m SearchPanel 
?[32mINFO ?[m ?[32mmethod safeClick click.?[m Button 
?[32mINFO ?[m ?[32mmethod isDisplayed.?[m InputText 
?[32mINFO ?[m ?[32mmethod inputTextInTypeSearchBox.?[m ProductTypePage 
?[32mINFO ?[m ?[32mmethod safeInput click.?[m InputText 
?[32mINFO ?[m ?[32mmethod clickOnFirstBox.?[m ProductTypePage 
?[32mINFO ?[m ?[32mmethod setCheckBox click.?[m CheckBox 
?[32mINFO ?[m ?[32mmethod clickOnExpensiveFirst.?[m ProductTypePage 
?[32mINFO ?[m ?[32mmethod safeClick click.?[m Button 
?[32mINFO ?[m ?[32mmethod clickOnFirstProduct.?[m ProductTypePage 
?[32mINFO ?[m ?[32mmethod safeClick click.?[m Button 
?[32mINFO ?[m ?[32mmethod clickOnBuyButton.?[m ProductPage 
?[32mINFO ?[m ?[32mmethod safeClick click.?[m Button 
?[32mINFO ?[m ?[32mmethod clickOnCheckoutBtn.?[m CheckoutWindowPage 
?[32mINFO ?[m ?[32mmethod safeClick click.?[m Button 
?[32mINFO ?[m ?[32mmethod getTotalPrice.?[m CheckoutPage 
?[32mINFO ?[m ?[32mmethod getText click.?[m TextArea 
]]></system-out>
  <system-err><![CDATA[Starting ChromeDriver 93.0.4577.15 (660fc11082ba57405eca2e8c49c3e1af756fbfae-refs/branch-heads/4577@{#203}) on port 28011
Only local connections are allowed.
Please see https://chromedriver.chromium.org/security-considerations for suggestions on keeping ChromeDriver safe.
ChromeDriver was started successfully.
сент. 20, 2021 2:12:52 PM org.openqa.selenium.remote.ProtocolHandshake createSession
INFO: Detected dialect: W3C
Starting ChromeDriver 93.0.4577.15 (660fc11082ba57405eca2e8c49c3e1af756fbfae-refs/branch-heads/4577@{#203}) on port 28710
Only local connections are allowed.
Please see https://chromedriver.chromium.org/security-considerations for suggestions on keeping ChromeDriver safe.
ChromeDriver was started successfully.
сент. 20, 2021 2:13:38 PM org.openqa.selenium.remote.ProtocolHandshake createSession
INFO: Detected dialect: W3C
]]></system-err>
</testsuite>
